<?xml version="1.0" encoding="UTF-8"?>
<!-- Generated by org.testng.reporters.JUnitReportReporter -->
<testsuite hostname="DESKTOP-UK9RHDJ" failures="0" tests="2" name="test.TestSeleniumForEveryonePage" time="1.757" errors="0" timestamp="2021-10-21T16:21:31 EDT" skipped="0">
  <testcase classname="test.TestSeleniumForEveryonePage" name="testSeleniumForEveryoneSearchPageTitle" time="1.584"/>
  <system-out/>
  <testcase classname="test.TestSeleniumForEveryonePage" name="testSeleniumForEveryoneTitle" time="0.173"/>
  <system-out/>
</testsuite> <!-- test.TestSeleniumForEveryonePage -->
