<?xml version="1.0" encoding="UTF-8"?>
<!-- Generated by org.testng.reporters.JUnitReportReporter -->
<testsuite hostname="DESKTOP-UK9RHDJ" failures="0" tests="1" name="test.TestSeleniumForEveryonePage" time="0.540" errors="0" timestamp="2021-10-21T09:37:16 EDT" skipped="0">
  <testcase classname="test.TestSeleniumForEveryonePage" name="testSeleniumForEveryone" time="0.540"/>
  <system-out/>
</testsuite> <!-- test.TestSeleniumForEveryonePage -->
